<?xml version="1.0" encoding="UTF-8"?>
<!-- Generated by org.testng.reporters.JUnitXMLReporter -->
<testsuite hostname="LAPTOP-3HEBJJDO" ignored="0" name="Default test" tests="3" failures="0" timestamp="11 Sep 2020 17:08:06 GMT" time="27.312" errors="0">
  <testcase name="OneTestMethod" time="0.008" classname="QAGuru.MavenDemo.Class5Sept_2"/>
  <testcase name="viewPost" time="2.168" classname="QAGuru.MavenDemo.Class5Sept_2"/>
  <testcase name="viewPost2" time="3.324" classname="QAGuru.MavenDemo.Class5Sept_2"/>
</testsuite> <!-- Default test -->
