<?xml version="1.0" encoding="UTF-8"?>
<!-- Generated by org.testng.reporters.JUnitXMLReporter -->
<testsuite hostname="DESKTOP-EP17RE8" ignored="2" name="Demotest" tests="4" failures="0" timestamp="06 Sep 2020 18:08:37 GMT" time="0.116" errors="0">
  <testcase name="OneTestMethod" time="0.027" classname="QAGuru.MavenDemo.Class5Sept_2"/>
  <testcase name="TwoTestMethod" time="0.003" classname="QAGuru.MavenDemo.Class5Sept_2"/>
  <testcase name="ThreeTestMethod" time="0.004" classname="QAGuru.MavenDemo.Class5Sept_2"/>
  <testcase name="FourTestMethod" time="0.004" classname="QAGuru.MavenDemo.Class5Sept_2"/>
  <testcase name="viewPost" time="0.0" classname="QAGuru.MavenDemo.Class5Sept_2">
    <ignored/>
  </testcase> <!-- viewPost -->
  <testcase name="viewPost2" time="0.0" classname="QAGuru.MavenDemo.Class5Sept_2">
    <ignored/>
  </testcase> <!-- viewPost2 -->
</testsuite> <!-- Demotest -->
