<?xml version="1.0" encoding="UTF-8"?>
<!-- Generated by org.testng.reporters.JUnitXMLReporter -->
<testsuite hostname="LAPTOP-3HEBJJDO" ignored="0" name="User should able to Login and Logout successfully in application" tests="5" failures="3" timestamp="11 Sep 2020 16:44:48 GMT" time="53.922" errors="0">
  <testcase name="doLogin" time="2.696" classname="QAGuru.MavenDemo.Class5Sept"/>
  <testcase name="doLogin" time="2.705" classname="QAGuru.MavenDemo.Class5Sept">
    <failure type="java.lang.AssertionError" message="expected [An email address required.] but found [Invalid email address.]">
      <![CDATA[java.lang.AssertionError: expected [An email address required.] but found [Invalid email address.]
at QAGuru.MavenDemo.Class5Sept.doLogin(Class5Sept.java:58)
at java.util.concurrent.ThreadPoolExecutor.runWorker(Unknown Source)
at java.util.concurrent.ThreadPoolExecutor$Worker.run(Unknown Source)
at java.lang.Thread.run(Unknown Source)
... Removed 16 stack frames]]>
    </failure>
  </testcase> <!-- doLogin -->
  <testcase name="doLogin" time="2.74" classname="QAGuru.MavenDemo.Class5Sept">
    <failure type="java.lang.AssertionError" message="expected [An email address required.] but found [Invalid email address.]">
      <![CDATA[java.lang.AssertionError: expected [An email address required.] but found [Invalid email address.]
at QAGuru.MavenDemo.Class5Sept.doLogin(Class5Sept.java:58)
at java.util.concurrent.ThreadPoolExecutor.runWorker(Unknown Source)
at java.util.concurrent.ThreadPoolExecutor$Worker.run(Unknown Source)
at java.lang.Thread.run(Unknown Source)
... Removed 16 stack frames]]>
    </failure>
  </testcase> <!-- doLogin -->
  <testcase name="doLogin" time="2.936" classname="QAGuru.MavenDemo.Class5Sept"/>
  <testcase name="doLogin" time="4.237" classname="QAGuru.MavenDemo.Class5Sept">
    <failure type="java.lang.AssertionError" message="expected [An email address required.] but found [Invalid email address.]">
      <![CDATA[java.lang.AssertionError: expected [An email address required.] but found [Invalid email address.]
at QAGuru.MavenDemo.Class5Sept.doLogin(Class5Sept.java:58)
at java.util.concurrent.ThreadPoolExecutor.runWorker(Unknown Source)
at java.util.concurrent.ThreadPoolExecutor$Worker.run(Unknown Source)
at java.lang.Thread.run(Unknown Source)
... Removed 16 stack frames]]>
    </failure>
  </testcase> <!-- doLogin -->
</testsuite> <!-- User should able to Login and Logout successfully in application -->
